This file contains any messages produced by compilers while
running configure, to aid debugging if configure makes a mistake.

It was created by gnugo configure 3.8, which was
generated by GNU Autoconf 2.61.  Invocation command line was

  $ ./configure 

## --------- ##
## Platform. ##
## --------- ##

hostname = ligi-tp
uname -m = x86_64
uname -r = 3.11.0-13-generic
uname -s = Linux
uname -v = #20-Ubuntu SMP Wed Oct 23 07:38:26 UTC 2013

/usr/bin/uname -p = unknown
/bin/uname -X     = unknown

/bin/arch              = unknown
/usr/bin/arch -k       = unknown
/usr/convex/getsysinfo = unknown
/usr/bin/hostinfo      = unknown
/bin/machine           = unknown
/usr/bin/oslevel       = unknown
/bin/universe          = unknown

PATH: /home/ligi/bin
PATH: /usr/lib/lightdm/lightdm
PATH: /usr/local/sbin
PATH: /usr/local/bin
PATH: /usr/sbin
PATH: /usr/bin
PATH: /sbin
PATH: /bin
PATH: /usr/games
PATH: /usr/local/games
PATH: /home/ligi/bin/arm/bin
PATH: /home/ligi/bin/android-sdk/platform-tools/
PATH: /home/ligi/bin/android-sdk/tools/
PATH: /home/ligi/bin/CodeSourcery/Sourcery_G++_Lite/bin/
PATH: /home/ligi/bin/android-ndk
PATH: /home/ligi/bin/scripts
PATH: /home/ligi/bin/gradle/bin
PATH: /home/ligi/bin/android-sdk/platforms/android-4/tools/


## ----------- ##
## Core tests. ##
## ----------- ##

configure:1841: checking for a BSD-compatible install
configure:1897: result: /usr/bin/install -c
configure:1908: checking whether build environment is sane
configure:1951: result: yes
configure:2016: checking for gawk
configure:2032: found /usr/bin/gawk
configure:2043: result: gawk
configure:2054: checking whether make sets $(MAKE)
configure:2075: result: yes
configure:2265: checking whether to enable maintainer-specific portions of Makefiles
configure:2274: result: no
configure:2467: checking for gcc
configure:2483: found /usr/bin/gcc
configure:2494: result: gcc
configure:2732: checking for C compiler version
configure:2739: gcc --version >&5
gcc (Ubuntu/Linaro 4.8.1-10ubuntu8) 4.8.1
Copyright (C) 2013 Free Software Foundation, Inc.
This is free software; see the source for copying conditions.  There is NO
warranty; not even for MERCHANTABILITY or FITNESS FOR A PARTICULAR PURPOSE.

configure:2742: $? = 0
configure:2749: gcc -v >&5
Using built-in specs.
COLLECT_GCC=gcc
COLLECT_LTO_WRAPPER=/usr/lib/gcc/x86_64-linux-gnu/4.8/lto-wrapper
Target: x86_64-linux-gnu
Configured with: ../src/configure -v --with-pkgversion='Ubuntu/Linaro 4.8.1-10ubuntu8' --with-bugurl=file:///usr/share/doc/gcc-4.8/README.Bugs --enable-languages=c,c++,java,go,d,fortran,objc,obj-c++ --prefix=/usr --program-suffix=-4.8 --enable-shared --enable-linker-build-id --libexecdir=/usr/lib --without-included-gettext --enable-threads=posix --with-gxx-include-dir=/usr/include/c++/4.8 --libdir=/usr/lib --enable-nls --with-sysroot=/ --enable-clocale=gnu --enable-libstdcxx-debug --enable-libstdcxx-time=yes --enable-gnu-unique-object --enable-plugin --with-system-zlib --disable-browser-plugin --enable-java-awt=gtk --enable-gtk-cairo --with-java-home=/usr/lib/jvm/java-1.5.0-gcj-4.8-amd64/jre --enable-java-home --with-jvm-root-dir=/usr/lib/jvm/java-1.5.0-gcj-4.8-amd64 --with-jvm-jar-dir=/usr/lib/jvm-exports/java-1.5.0-gcj-4.8-amd64 --with-arch-directory=amd64 --with-ecj-jar=/usr/share/java/eclipse-ecj.jar --enable-objc-gc --enable-multiarch --disable-werror --with-arch-32=i686 --with-abi=m64 --with-multilib-list=m32,m64,mx32 --with-tune=generic --enable-checking=release --build=x86_64-linux-gnu --host=x86_64-linux-gnu --target=x86_64-linux-gnu
Thread model: posix
gcc version 4.8.1 (Ubuntu/Linaro 4.8.1-10ubuntu8) 
configure:2752: $? = 0
configure:2759: gcc -V >&5
gcc: error: unrecognized command line option '-V'
gcc: fatal error: no input files
compilation terminated.
configure:2762: $? = 4
configure:2785: checking for C compiler default output file name
configure:2812: gcc    conftest.c  >&5
configure:2815: $? = 0
configure:2853: result: a.out
configure:2870: checking whether the C compiler works
configure:2880: ./a.out
configure:2883: $? = 0
configure:2900: result: yes
configure:2907: checking whether we are cross compiling
configure:2909: result: no
configure:2912: checking for suffix of executables
configure:2919: gcc -o conftest    conftest.c  >&5
configure:2922: $? = 0
configure:2946: result: 
configure:2952: checking for suffix of object files
configure:2978: gcc -c   conftest.c >&5
configure:2981: $? = 0
configure:3004: result: o
configure:3008: checking whether we are using the GNU C compiler
configure:3037: gcc -c   conftest.c >&5
configure:3043: $? = 0
configure:3060: result: yes
configure:3065: checking whether gcc accepts -g
configure:3095: gcc -c -g  conftest.c >&5
configure:3101: $? = 0
configure:3200: result: yes
configure:3217: checking for gcc option to accept ISO C89
configure:3291: gcc  -c -g -O2  conftest.c >&5
configure:3297: $? = 0
configure:3320: result: none needed
configure:3349: checking for style of include used by make
configure:3377: result: GNU
configure:3405: checking dependency style of gcc
configure:3495: result: gcc3
configure:3517: checking for library containing pow
configure:3558: gcc -o conftest -g -O2   conftest.c  >&5
conftest.c:18:6: warning: conflicting types for built-in function 'pow' [enabled by default]
 char pow ();
      ^
/tmp/cci7F4t8.o: In function `main':
/home/ligi/git/gobandroid-ai-gnugo/jni/project/gnugo-3.8/conftest.c:22: undefined reference to `pow'
collect2: error: ld returned 1 exit status
configure:3564: $? = 1
configure: failed program was:
| /* confdefs.h.  */
| #define PACKAGE_NAME "gnugo"
| #define PACKAGE_TARNAME "gnugo"
| #define PACKAGE_VERSION "3.8"
| #define PACKAGE_STRING "gnugo 3.8"
| #define PACKAGE_BUGREPORT ""
| #define PACKAGE "gnugo"
| #define VERSION "3.8"
| #define GNU_PACKAGE "GNU gnugo"
| /* end confdefs.h.  */
| 
| /* Override any GCC internal prototype to avoid an error.
|    Use char because int might match the return type of a GCC
|    builtin and then its argument prototype would still apply.  */
| #ifdef __cplusplus
| extern "C"
| #endif
| char pow ();
| int
| main ()
| {
| return pow ();
|   ;
|   return 0;
| }
configure:3558: gcc -o conftest -g -O2   conftest.c -lm   >&5
conftest.c:18:6: warning: conflicting types for built-in function 'pow' [enabled by default]
 char pow ();
      ^
configure:3564: $? = 0
configure:3592: result: -lm
configure:3601: checking for mingw32
configure:3627: gcc -c -g -O2  conftest.c >&5
conftest.c: In function 'main':
conftest.c:15:8: error: '__MINGW32__' undeclared (first use in this function)
 return __MINGW32__
        ^
conftest.c:15:8: note: each undeclared identifier is reported only once for each function it appears in
configure:3633: $? = 1
configure: failed program was:
| /* confdefs.h.  */
| #define PACKAGE_NAME "gnugo"
| #define PACKAGE_TARNAME "gnugo"
| #define PACKAGE_VERSION "3.8"
| #define PACKAGE_STRING "gnugo 3.8"
| #define PACKAGE_BUGREPORT ""
| #define PACKAGE "gnugo"
| #define VERSION "3.8"
| #define GNU_PACKAGE "GNU gnugo"
| /* end confdefs.h.  */
| 
| int
| main ()
| {
| return __MINGW32__
|   ;
|   return 0;
| }
configure:3649: result: no
configure:3744: checking how to run the C preprocessor
configure:3784: gcc -E  conftest.c
configure:3790: $? = 0
configure:3821: gcc -E  conftest.c
conftest.c:11:28: fatal error: ac_nonexistent.h: No such file or directory
 #include <ac_nonexistent.h>
                            ^
compilation terminated.
configure:3827: $? = 1
configure: failed program was:
| /* confdefs.h.  */
| #define PACKAGE_NAME "gnugo"
| #define PACKAGE_TARNAME "gnugo"
| #define PACKAGE_VERSION "3.8"
| #define PACKAGE_STRING "gnugo 3.8"
| #define PACKAGE_BUGREPORT ""
| #define PACKAGE "gnugo"
| #define VERSION "3.8"
| #define GNU_PACKAGE "GNU gnugo"
| /* end confdefs.h.  */
| #include <ac_nonexistent.h>
configure:3860: result: gcc -E
configure:3889: gcc -E  conftest.c
configure:3895: $? = 0
configure:3926: gcc -E  conftest.c
conftest.c:11:28: fatal error: ac_nonexistent.h: No such file or directory
 #include <ac_nonexistent.h>
                            ^
compilation terminated.
configure:3932: $? = 1
configure: failed program was:
| /* confdefs.h.  */
| #define PACKAGE_NAME "gnugo"
| #define PACKAGE_TARNAME "gnugo"
| #define PACKAGE_VERSION "3.8"
| #define PACKAGE_STRING "gnugo 3.8"
| #define PACKAGE_BUGREPORT ""
| #define PACKAGE "gnugo"
| #define VERSION "3.8"
| #define GNU_PACKAGE "GNU gnugo"
| /* end confdefs.h.  */
| #include <ac_nonexistent.h>
configure:4012: checking for ranlib
configure:4028: found /usr/bin/ranlib
configure:4039: result: ranlib
configure:4066: checking whether make sets $(MAKE)
configure:4087: result: yes
configure:4097: checking whether time.h and sys/time.h may both be included
configure:4127: gcc -c -g -O2  conftest.c >&5
configure:4133: $? = 0
configure:4148: result: yes
configure:4159: checking for an ANSI C-conforming const
configure:4234: gcc -c -g -O2  conftest.c >&5
configure:4240: $? = 0
configure:4255: result: yes
configure:4267: checking for grep that handles long lines and -e
configure:4341: result: /bin/grep
configure:4346: checking for egrep
configure:4424: result: /bin/grep -E
configure:4429: checking for ANSI C header files
configure:4459: gcc -c -g -O2  conftest.c >&5
configure:4465: $? = 0
configure:4564: gcc -o conftest -g -O2   conftest.c -lm  >&5
configure:4567: $? = 0
configure:4573: ./conftest
configure:4576: $? = 0
configure:4593: result: yes
configure:4617: checking for sys/types.h
configure:4638: gcc -c -g -O2  conftest.c >&5
configure:4644: $? = 0
configure:4660: result: yes
configure:4617: checking for sys/stat.h
configure:4638: gcc -c -g -O2  conftest.c >&5
configure:4644: $? = 0
configure:4660: result: yes
configure:4617: checking for stdlib.h
configure:4638: gcc -c -g -O2  conftest.c >&5
configure:4644: $? = 0
configure:4660: result: yes
configure:4617: checking for string.h
configure:4638: gcc -c -g -O2  conftest.c >&5
configure:4644: $? = 0
configure:4660: result: yes
configure:4617: checking for memory.h
configure:4638: gcc -c -g -O2  conftest.c >&5
configure:4644: $? = 0
configure:4660: result: yes
configure:4617: checking for strings.h
configure:4638: gcc -c -g -O2  conftest.c >&5
configure:4644: $? = 0
configure:4660: result: yes
configure:4617: checking for inttypes.h
configure:4638: gcc -c -g -O2  conftest.c >&5
configure:4644: $? = 0
configure:4660: result: yes
configure:4617: checking for stdint.h
configure:4638: gcc -c -g -O2  conftest.c >&5
configure:4644: $? = 0
configure:4660: result: yes
configure:4617: checking for unistd.h
configure:4638: gcc -c -g -O2  conftest.c >&5
configure:4644: $? = 0
configure:4660: result: yes
configure:4679: checking for unistd.h
configure:4685: result: yes
configure:4689: checking sys/time.h usability
configure:4706: gcc -c -g -O2  conftest.c >&5
configure:4712: $? = 0
configure:4726: result: yes
configure:4730: checking sys/time.h presence
configure:4745: gcc -E  conftest.c
configure:4751: $? = 0
configure:4765: result: yes
configure:4793: checking for sys/time.h
configure:4801: result: yes
configure:4689: checking sys/times.h usability
configure:4706: gcc -c -g -O2  conftest.c >&5
configure:4712: $? = 0
configure:4726: result: yes
configure:4730: checking sys/times.h presence
configure:4745: gcc -E  conftest.c
configure:4751: $? = 0
configure:4765: result: yes
configure:4793: checking for sys/times.h
configure:4801: result: yes
configure:4832: checking curses.h usability
configure:4849: gcc -c -g -O2  conftest.c >&5
configure:4855: $? = 0
configure:4869: result: yes
configure:4873: checking curses.h presence
configure:4888: gcc -E  conftest.c
configure:4894: $? = 0
configure:4908: result: yes
configure:4936: checking for curses.h
configure:4944: result: yes
configure:4832: checking term.h usability
configure:4849: gcc -c -g -O2  conftest.c >&5
configure:4855: $? = 0
configure:4869: result: yes
configure:4873: checking term.h presence
configure:4888: gcc -E  conftest.c
configure:4894: $? = 0
configure:4908: result: yes
configure:4936: checking for term.h
configure:4944: result: yes
configure:4832: checking ncurses/curses.h usability
configure:4849: gcc -c -g -O2  conftest.c >&5
conftest.c:60:28: fatal error: ncurses/curses.h: No such file or directory
 #include <ncurses/curses.h>
                            ^
compilation terminated.
configure:4855: $? = 1
configure: failed program was:
| /* confdefs.h.  */
| #define PACKAGE_NAME "gnugo"
| #define PACKAGE_TARNAME "gnugo"
| #define PACKAGE_VERSION "3.8"
| #define PACKAGE_STRING "gnugo 3.8"
| #define PACKAGE_BUGREPORT ""
| #define PACKAGE "gnugo"
| #define VERSION "3.8"
| #define GNU_PACKAGE "GNU gnugo"
| #define TIME_WITH_SYS_TIME 1
| #define STDC_HEADERS 1
| #define HAVE_SYS_TYPES_H 1
| #define HAVE_SYS_STAT_H 1
| #define HAVE_STDLIB_H 1
| #define HAVE_STRING_H 1
| #define HAVE_MEMORY_H 1
| #define HAVE_STRINGS_H 1
| #define HAVE_INTTYPES_H 1
| #define HAVE_STDINT_H 1
| #define HAVE_UNISTD_H 1
| #define HAVE_UNISTD_H 1
| #define HAVE_SYS_TIME_H 1
| #define HAVE_SYS_TIMES_H 1
| #define HAVE_CURSES_H 1
| #define HAVE_TERM_H 1
| /* end confdefs.h.  */
| #include <stdio.h>
| #ifdef HAVE_SYS_TYPES_H
| # include <sys/types.h>
| #endif
| #ifdef HAVE_SYS_STAT_H
| # include <sys/stat.h>
| #endif
| #ifdef STDC_HEADERS
| # include <stdlib.h>
| # include <stddef.h>
| #else
| # ifdef HAVE_STDLIB_H
| #  include <stdlib.h>
| # endif
| #endif
| #ifdef HAVE_STRING_H
| # if !defined STDC_HEADERS && defined HAVE_MEMORY_H
| #  include <memory.h>
| # endif
| # include <string.h>
| #endif
| #ifdef HAVE_STRINGS_H
| # include <strings.h>
| #endif
| #ifdef HAVE_INTTYPES_H
| # include <inttypes.h>
| #endif
| #ifdef HAVE_STDINT_H
| # include <stdint.h>
| #endif
| #ifdef HAVE_UNISTD_H
| # include <unistd.h>
| #endif
| #include <ncurses/curses.h>
configure:4869: result: no
configure:4873: checking ncurses/curses.h presence
configure:4888: gcc -E  conftest.c
conftest.c:27:28: fatal error: ncurses/curses.h: No such file or directory
 #include <ncurses/curses.h>
                            ^
compilation terminated.
configure:4894: $? = 1
configure: failed program was:
| /* confdefs.h.  */
| #define PACKAGE_NAME "gnugo"
| #define PACKAGE_TARNAME "gnugo"
| #define PACKAGE_VERSION "3.8"
| #define PACKAGE_STRING "gnugo 3.8"
| #define PACKAGE_BUGREPORT ""
| #define PACKAGE "gnugo"
| #define VERSION "3.8"
| #define GNU_PACKAGE "GNU gnugo"
| #define TIME_WITH_SYS_TIME 1
| #define STDC_HEADERS 1
| #define HAVE_SYS_TYPES_H 1
| #define HAVE_SYS_STAT_H 1
| #define HAVE_STDLIB_H 1
| #define HAVE_STRING_H 1
| #define HAVE_MEMORY_H 1
| #define HAVE_STRINGS_H 1
| #define HAVE_INTTYPES_H 1
| #define HAVE_STDINT_H 1
| #define HAVE_UNISTD_H 1
| #define HAVE_UNISTD_H 1
| #define HAVE_SYS_TIME_H 1
| #define HAVE_SYS_TIMES_H 1
| #define HAVE_CURSES_H 1
| #define HAVE_TERM_H 1
| /* end confdefs.h.  */
| #include <ncurses/curses.h>
configure:4908: result: no
configure:4936: checking for ncurses/curses.h
configure:4944: result: no
configure:4832: checking ncurses/term.h usability
configure:4849: gcc -c -g -O2  conftest.c >&5
conftest.c:60:26: fatal error: ncurses/term.h: No such file or directory
 #include <ncurses/term.h>
                          ^
compilation terminated.
configure:4855: $? = 1
configure: failed program was:
| /* confdefs.h.  */
| #define PACKAGE_NAME "gnugo"
| #define PACKAGE_TARNAME "gnugo"
| #define PACKAGE_VERSION "3.8"
| #define PACKAGE_STRING "gnugo 3.8"
| #define PACKAGE_BUGREPORT ""
| #define PACKAGE "gnugo"
| #define VERSION "3.8"
| #define GNU_PACKAGE "GNU gnugo"
| #define TIME_WITH_SYS_TIME 1
| #define STDC_HEADERS 1
| #define HAVE_SYS_TYPES_H 1
| #define HAVE_SYS_STAT_H 1
| #define HAVE_STDLIB_H 1
| #define HAVE_STRING_H 1
| #define HAVE_MEMORY_H 1
| #define HAVE_STRINGS_H 1
| #define HAVE_INTTYPES_H 1
| #define HAVE_STDINT_H 1
| #define HAVE_UNISTD_H 1
| #define HAVE_UNISTD_H 1
| #define HAVE_SYS_TIME_H 1
| #define HAVE_SYS_TIMES_H 1
| #define HAVE_CURSES_H 1
| #define HAVE_TERM_H 1
| /* end confdefs.h.  */
| #include <stdio.h>
| #ifdef HAVE_SYS_TYPES_H
| # include <sys/types.h>
| #endif
| #ifdef HAVE_SYS_STAT_H
| # include <sys/stat.h>
| #endif
| #ifdef STDC_HEADERS
| # include <stdlib.h>
| # include <stddef.h>
| #else
| # ifdef HAVE_STDLIB_H
| #  include <stdlib.h>
| # endif
| #endif
| #ifdef HAVE_STRING_H
| # if !defined STDC_HEADERS && defined HAVE_MEMORY_H
| #  include <memory.h>
| # endif
| # include <string.h>
| #endif
| #ifdef HAVE_STRINGS_H
| # include <strings.h>
| #endif
| #ifdef HAVE_INTTYPES_H
| # include <inttypes.h>
| #endif
| #ifdef HAVE_STDINT_H
| # include <stdint.h>
| #endif
| #ifdef HAVE_UNISTD_H
| # include <unistd.h>
| #endif
| #include <ncurses/term.h>
configure:4869: result: no
configure:4873: checking ncurses/term.h presence
configure:4888: gcc -E  conftest.c
conftest.c:27:26: fatal error: ncurses/term.h: No such file or directory
 #include <ncurses/term.h>
                          ^
compilation terminated.
configure:4894: $? = 1
configure: failed program was:
| /* confdefs.h.  */
| #define PACKAGE_NAME "gnugo"
| #define PACKAGE_TARNAME "gnugo"
| #define PACKAGE_VERSION "3.8"
| #define PACKAGE_STRING "gnugo 3.8"
| #define PACKAGE_BUGREPORT ""
| #define PACKAGE "gnugo"
| #define VERSION "3.8"
| #define GNU_PACKAGE "GNU gnugo"
| #define TIME_WITH_SYS_TIME 1
| #define STDC_HEADERS 1
| #define HAVE_SYS_TYPES_H 1
| #define HAVE_SYS_STAT_H 1
| #define HAVE_STDLIB_H 1
| #define HAVE_STRING_H 1
| #define HAVE_MEMORY_H 1
| #define HAVE_STRINGS_H 1
| #define HAVE_INTTYPES_H 1
| #define HAVE_STDINT_H 1
| #define HAVE_UNISTD_H 1
| #define HAVE_UNISTD_H 1
| #define HAVE_SYS_TIME_H 1
| #define HAVE_SYS_TIMES_H 1
| #define HAVE_CURSES_H 1
| #define HAVE_TERM_H 1
| /* end confdefs.h.  */
| #include <ncurses/term.h>
configure:4908: result: no
configure:4936: checking for ncurses/term.h
configure:4944: result: no
configure:4974: checking for long
configure:5005: gcc -c -g -O2  conftest.c >&5
configure:5011: $? = 0
configure:5026: result: yes
configure:5033: checking size of long
configure:5341: gcc -o conftest -g -O2   conftest.c -lm  >&5
configure:5344: $? = 0
configure:5350: ./conftest
configure:5353: $? = 0
configure:5376: result: 8
configure:5394: checking for vsnprintf
configure:5450: gcc -o conftest -g -O2   conftest.c -lm  >&5
conftest.c:51:6: warning: conflicting types for built-in function 'vsnprintf' [enabled by default]
 char vsnprintf ();
      ^
configure:5456: $? = 0
configure:5474: result: yes
configure:5394: checking for gettimeofday
configure:5450: gcc -o conftest -g -O2   conftest.c -lm  >&5
configure:5456: $? = 0
configure:5474: result: yes
configure:5394: checking for usleep
configure:5450: gcc -o conftest -g -O2   conftest.c -lm  >&5
configure:5456: $? = 0
configure:5474: result: yes
configure:5394: checking for times
configure:5450: gcc -o conftest -g -O2   conftest.c -lm  >&5
configure:5456: $? = 0
configure:5474: result: yes
configure:5783: checking for variadic cpp define
configure:5810: gcc -c -g -O2  conftest.c >&5
configure:5816: $? = 0
configure:5832: result: yes
configure:5845: checking whether gcc supports transparent unions
configure:5877: gcc -c -g -O2  conftest.c >&5
conftest.c: In function 'main':
conftest.c:42:3: warning: no semicolon at end of struct or union [enabled by default]
   } A = { { .y = 0.0 } };
   ^
configure:5883: $? = 0
configure:5899: result: yes
configure:5924: checking for library containing tparm
configure:5965: gcc -o conftest -g -O2   conftest.c -lm  >&5
/tmp/cc0pErWw.o: In function `main':
/home/ligi/git/gobandroid-ai-gnugo/jni/project/gnugo-3.8/conftest.c:45: undefined reference to `tparm'
collect2: error: ld returned 1 exit status
configure:5971: $? = 1
configure: failed program was:
| /* confdefs.h.  */
| #define PACKAGE_NAME "gnugo"
| #define PACKAGE_TARNAME "gnugo"
| #define PACKAGE_VERSION "3.8"
| #define PACKAGE_STRING "gnugo 3.8"
| #define PACKAGE_BUGREPORT ""
| #define PACKAGE "gnugo"
| #define VERSION "3.8"
| #define GNU_PACKAGE "GNU gnugo"
| #define TIME_WITH_SYS_TIME 1
| #define STDC_HEADERS 1
| #define HAVE_SYS_TYPES_H 1
| #define HAVE_SYS_STAT_H 1
| #define HAVE_STDLIB_H 1
| #define HAVE_STRING_H 1
| #define HAVE_MEMORY_H 1
| #define HAVE_STRINGS_H 1
| #define HAVE_INTTYPES_H 1
| #define HAVE_STDINT_H 1
| #define HAVE_UNISTD_H 1
| #define HAVE_UNISTD_H 1
| #define HAVE_SYS_TIME_H 1
| #define HAVE_SYS_TIMES_H 1
| #define HAVE_CURSES_H 1
| #define HAVE_TERM_H 1
| #define SIZEOF_LONG 8
| #define HAVE_VSNPRINTF 1
| #define HAVE_GETTIMEOFDAY 1
| #define HAVE_USLEEP 1
| #define HAVE_TIMES 1
| #define HAVE_VARIADIC_DEFINE 1
| #define HAVE_TRANSPARENT_UNIONS 1
| /* end confdefs.h.  */
| 
| /* Override any GCC internal prototype to avoid an error.
|    Use char because int might match the return type of a GCC
|    builtin and then its argument prototype would still apply.  */
| #ifdef __cplusplus
| extern "C"
| #endif
| char tparm ();
| int
| main ()
| {
| return tparm ();
|   ;
|   return 0;
| }
configure:5965: gcc -o conftest -g -O2   conftest.c -lncurses  -lm  >&5
/usr/bin/ld: cannot find -lncurses
collect2: error: ld returned 1 exit status
configure:5971: $? = 1
configure: failed program was:
| /* confdefs.h.  */
| #define PACKAGE_NAME "gnugo"
| #define PACKAGE_TARNAME "gnugo"
| #define PACKAGE_VERSION "3.8"
| #define PACKAGE_STRING "gnugo 3.8"
| #define PACKAGE_BUGREPORT ""
| #define PACKAGE "gnugo"
| #define VERSION "3.8"
| #define GNU_PACKAGE "GNU gnugo"
| #define TIME_WITH_SYS_TIME 1
| #define STDC_HEADERS 1
| #define HAVE_SYS_TYPES_H 1
| #define HAVE_SYS_STAT_H 1
| #define HAVE_STDLIB_H 1
| #define HAVE_STRING_H 1
| #define HAVE_MEMORY_H 1
| #define HAVE_STRINGS_H 1
| #define HAVE_INTTYPES_H 1
| #define HAVE_STDINT_H 1
| #define HAVE_UNISTD_H 1
| #define HAVE_UNISTD_H 1
| #define HAVE_SYS_TIME_H 1
| #define HAVE_SYS_TIMES_H 1
| #define HAVE_CURSES_H 1
| #define HAVE_TERM_H 1
| #define SIZEOF_LONG 8
| #define HAVE_VSNPRINTF 1
| #define HAVE_GETTIMEOFDAY 1
| #define HAVE_USLEEP 1
| #define HAVE_TIMES 1
| #define HAVE_VARIADIC_DEFINE 1
| #define HAVE_TRANSPARENT_UNIONS 1
| /* end confdefs.h.  */
| 
| /* Override any GCC internal prototype to avoid an error.
|    Use char because int might match the return type of a GCC
|    builtin and then its argument prototype would still apply.  */
| #ifdef __cplusplus
| extern "C"
| #endif
| char tparm ();
| int
| main ()
| {
| return tparm ();
|   ;
|   return 0;
| }
configure:5965: gcc -o conftest -g -O2   conftest.c -lcurses  -lm  >&5
/usr/bin/ld: cannot find -lcurses
collect2: error: ld returned 1 exit status
configure:5971: $? = 1
configure: failed program was:
| /* confdefs.h.  */
| #define PACKAGE_NAME "gnugo"
| #define PACKAGE_TARNAME "gnugo"
| #define PACKAGE_VERSION "3.8"
| #define PACKAGE_STRING "gnugo 3.8"
| #define PACKAGE_BUGREPORT ""
| #define PACKAGE "gnugo"
| #define VERSION "3.8"
| #define GNU_PACKAGE "GNU gnugo"
| #define TIME_WITH_SYS_TIME 1
| #define STDC_HEADERS 1
| #define HAVE_SYS_TYPES_H 1
| #define HAVE_SYS_STAT_H 1
| #define HAVE_STDLIB_H 1
| #define HAVE_STRING_H 1
| #define HAVE_MEMORY_H 1
| #define HAVE_STRINGS_H 1
| #define HAVE_INTTYPES_H 1
| #define HAVE_STDINT_H 1
| #define HAVE_UNISTD_H 1
| #define HAVE_UNISTD_H 1
| #define HAVE_SYS_TIME_H 1
| #define HAVE_SYS_TIMES_H 1
| #define HAVE_CURSES_H 1
| #define HAVE_TERM_H 1
| #define SIZEOF_LONG 8
| #define HAVE_VSNPRINTF 1
| #define HAVE_GETTIMEOFDAY 1
| #define HAVE_USLEEP 1
| #define HAVE_TIMES 1
| #define HAVE_VARIADIC_DEFINE 1
| #define HAVE_TRANSPARENT_UNIONS 1
| /* end confdefs.h.  */
| 
| /* Override any GCC internal prototype to avoid an error.
|    Use char because int might match the return type of a GCC
|    builtin and then its argument prototype would still apply.  */
| #ifdef __cplusplus
| extern "C"
| #endif
| char tparm ();
| int
| main ()
| {
| return tparm ();
|   ;
|   return 0;
| }
configure:5965: gcc -o conftest -g -O2   conftest.c -lpdcurses  -lm  >&5
/usr/bin/ld: cannot find -lpdcurses
collect2: error: ld returned 1 exit status
configure:5971: $? = 1
configure: failed program was:
| /* confdefs.h.  */
| #define PACKAGE_NAME "gnugo"
| #define PACKAGE_TARNAME "gnugo"
| #define PACKAGE_VERSION "3.8"
| #define PACKAGE_STRING "gnugo 3.8"
| #define PACKAGE_BUGREPORT ""
| #define PACKAGE "gnugo"
| #define VERSION "3.8"
| #define GNU_PACKAGE "GNU gnugo"
| #define TIME_WITH_SYS_TIME 1
| #define STDC_HEADERS 1
| #define HAVE_SYS_TYPES_H 1
| #define HAVE_SYS_STAT_H 1
| #define HAVE_STDLIB_H 1
| #define HAVE_STRING_H 1
| #define HAVE_MEMORY_H 1
| #define HAVE_STRINGS_H 1
| #define HAVE_INTTYPES_H 1
| #define HAVE_STDINT_H 1
| #define HAVE_UNISTD_H 1
| #define HAVE_UNISTD_H 1
| #define HAVE_SYS_TIME_H 1
| #define HAVE_SYS_TIMES_H 1
| #define HAVE_CURSES_H 1
| #define HAVE_TERM_H 1
| #define SIZEOF_LONG 8
| #define HAVE_VSNPRINTF 1
| #define HAVE_GETTIMEOFDAY 1
| #define HAVE_USLEEP 1
| #define HAVE_TIMES 1
| #define HAVE_VARIADIC_DEFINE 1
| #define HAVE_TRANSPARENT_UNIONS 1
| /* end confdefs.h.  */
| 
| /* Override any GCC internal prototype to avoid an error.
|    Use char because int might match the return type of a GCC
|    builtin and then its argument prototype would still apply.  */
| #ifdef __cplusplus
| extern "C"
| #endif
| char tparm ();
| int
| main ()
| {
| return tparm ();
|   ;
|   return 0;
| }
configure:5965: gcc -o conftest -g -O2   conftest.c -ltermcap  -lm  >&5
/usr/bin/ld: cannot find -ltermcap
collect2: error: ld returned 1 exit status
configure:5971: $? = 1
configure: failed program was:
| /* confdefs.h.  */
| #define PACKAGE_NAME "gnugo"
| #define PACKAGE_TARNAME "gnugo"
| #define PACKAGE_VERSION "3.8"
| #define PACKAGE_STRING "gnugo 3.8"
| #define PACKAGE_BUGREPORT ""
| #define PACKAGE "gnugo"
| #define VERSION "3.8"
| #define GNU_PACKAGE "GNU gnugo"
| #define TIME_WITH_SYS_TIME 1
| #define STDC_HEADERS 1
| #define HAVE_SYS_TYPES_H 1
| #define HAVE_SYS_STAT_H 1
| #define HAVE_STDLIB_H 1
| #define HAVE_STRING_H 1
| #define HAVE_MEMORY_H 1
| #define HAVE_STRINGS_H 1
| #define HAVE_INTTYPES_H 1
| #define HAVE_STDINT_H 1
| #define HAVE_UNISTD_H 1
| #define HAVE_UNISTD_H 1
| #define HAVE_SYS_TIME_H 1
| #define HAVE_SYS_TIMES_H 1
| #define HAVE_CURSES_H 1
| #define HAVE_TERM_H 1
| #define SIZEOF_LONG 8
| #define HAVE_VSNPRINTF 1
| #define HAVE_GETTIMEOFDAY 1
| #define HAVE_USLEEP 1
| #define HAVE_TIMES 1
| #define HAVE_VARIADIC_DEFINE 1
| #define HAVE_TRANSPARENT_UNIONS 1
| /* end confdefs.h.  */
| 
| /* Override any GCC internal prototype to avoid an error.
|    Use char because int might match the return type of a GCC
|    builtin and then its argument prototype would still apply.  */
| #ifdef __cplusplus
| extern "C"
| #endif
| char tparm ();
| int
| main ()
| {
| return tparm ();
|   ;
|   return 0;
| }
configure:5965: gcc -o conftest -g -O2   conftest.c -lterminfo  -lm  >&5
/usr/bin/ld: cannot find -lterminfo
collect2: error: ld returned 1 exit status
configure:5971: $? = 1
configure: failed program was:
| /* confdefs.h.  */
| #define PACKAGE_NAME "gnugo"
| #define PACKAGE_TARNAME "gnugo"
| #define PACKAGE_VERSION "3.8"
| #define PACKAGE_STRING "gnugo 3.8"
| #define PACKAGE_BUGREPORT ""
| #define PACKAGE "gnugo"
| #define VERSION "3.8"
| #define GNU_PACKAGE "GNU gnugo"
| #define TIME_WITH_SYS_TIME 1
| #define STDC_HEADERS 1
| #define HAVE_SYS_TYPES_H 1
| #define HAVE_SYS_STAT_H 1
| #define HAVE_STDLIB_H 1
| #define HAVE_STRING_H 1
| #define HAVE_MEMORY_H 1
| #define HAVE_STRINGS_H 1
| #define HAVE_INTTYPES_H 1
| #define HAVE_STDINT_H 1
| #define HAVE_UNISTD_H 1
| #define HAVE_UNISTD_H 1
| #define HAVE_SYS_TIME_H 1
| #define HAVE_SYS_TIMES_H 1
| #define HAVE_CURSES_H 1
| #define HAVE_TERM_H 1
| #define SIZEOF_LONG 8
| #define HAVE_VSNPRINTF 1
| #define HAVE_GETTIMEOFDAY 1
| #define HAVE_USLEEP 1
| #define HAVE_TIMES 1
| #define HAVE_VARIADIC_DEFINE 1
| #define HAVE_TRANSPARENT_UNIONS 1
| /* end confdefs.h.  */
| 
| /* Override any GCC internal prototype to avoid an error.
|    Use char because int might match the return type of a GCC
|    builtin and then its argument prototype would still apply.  */
| #ifdef __cplusplus
| extern "C"
| #endif
| char tparm ();
| int
| main ()
| {
| return tparm ();
|   ;
|   return 0;
| }
configure:5965: gcc -o conftest -g -O2   conftest.c -ltermlib  -lm  >&5
/usr/bin/ld: cannot find -ltermlib
collect2: error: ld returned 1 exit status
configure:5971: $? = 1
configure: failed program was:
| /* confdefs.h.  */
| #define PACKAGE_NAME "gnugo"
| #define PACKAGE_TARNAME "gnugo"
| #define PACKAGE_VERSION "3.8"
| #define PACKAGE_STRING "gnugo 3.8"
| #define PACKAGE_BUGREPORT ""
| #define PACKAGE "gnugo"
| #define VERSION "3.8"
| #define GNU_PACKAGE "GNU gnugo"
| #define TIME_WITH_SYS_TIME 1
| #define STDC_HEADERS 1
| #define HAVE_SYS_TYPES_H 1
| #define HAVE_SYS_STAT_H 1
| #define HAVE_STDLIB_H 1
| #define HAVE_STRING_H 1
| #define HAVE_MEMORY_H 1
| #define HAVE_STRINGS_H 1
| #define HAVE_INTTYPES_H 1
| #define HAVE_STDINT_H 1
| #define HAVE_UNISTD_H 1
| #define HAVE_UNISTD_H 1
| #define HAVE_SYS_TIME_H 1
| #define HAVE_SYS_TIMES_H 1
| #define HAVE_CURSES_H 1
| #define HAVE_TERM_H 1
| #define SIZEOF_LONG 8
| #define HAVE_VSNPRINTF 1
| #define HAVE_GETTIMEOFDAY 1
| #define HAVE_USLEEP 1
| #define HAVE_TIMES 1
| #define HAVE_VARIADIC_DEFINE 1
| #define HAVE_TRANSPARENT_UNIONS 1
| /* end confdefs.h.  */
| 
| /* Override any GCC internal prototype to avoid an error.
|    Use char because int might match the return type of a GCC
|    builtin and then its argument prototype would still apply.  */
| #ifdef __cplusplus
| extern "C"
| #endif
| char tparm ();
| int
| main ()
| {
| return tparm ();
|   ;
|   return 0;
| }
configure:5999: result: no
configure:6027: checking for color support
configure:6029: result: none (curses failed)
configure:6467: checking whether socket support can be compiled
configure:6510: gcc -o conftest -g -O2   conftest.c -lm  >&5
configure:6516: $? = 0
configure:6533: result: yes
configure:6698: creating ./config.status

## ---------------------- ##
## Running config.status. ##
## ---------------------- ##

This file was extended by gnugo config.status 3.8, which was
generated by GNU Autoconf 2.61.  Invocation command line was

  CONFIG_FILES    = 
  CONFIG_HEADERS  = 
  CONFIG_LINKS    = 
  CONFIG_COMMANDS = 
  $ ./config.status 

on ligi-tp

config.status:653: creating Makefile
config.status:653: creating interface/Makefile
config.status:653: creating patterns/Makefile
config.status:653: creating sgf/Makefile
config.status:653: creating utils/Makefile
config.status:653: creating engine/Makefile
config.status:653: creating doc/Makefile
config.status:653: creating regression/Makefile
config.status:653: creating config.vc
config.status:653: creating config.h
config.status:912: config.h is unchanged
config.status:958: executing depfiles commands

## ---------------- ##
## Cache variables. ##
## ---------------- ##

ac_cv_c_compiler_gnu=yes
ac_cv_c_const=yes
ac_cv_env_CC_set=
ac_cv_env_CC_value=
ac_cv_env_CFLAGS_set=
ac_cv_env_CFLAGS_value=
ac_cv_env_CPPFLAGS_set=
ac_cv_env_CPPFLAGS_value=
ac_cv_env_CPP_set=
ac_cv_env_CPP_value=
ac_cv_env_LDFLAGS_set=
ac_cv_env_LDFLAGS_value=
ac_cv_env_LIBS_set=
ac_cv_env_LIBS_value=
ac_cv_env_build_alias_set=
ac_cv_env_build_alias_value=
ac_cv_env_host_alias_set=
ac_cv_env_host_alias_value=
ac_cv_env_target_alias_set=
ac_cv_env_target_alias_value=
ac_cv_func_gettimeofday=yes
ac_cv_func_times=yes
ac_cv_func_usleep=yes
ac_cv_func_vsnprintf=yes
ac_cv_header_curses_h=yes
ac_cv_header_inttypes_h=yes
ac_cv_header_memory_h=yes
ac_cv_header_ncurses_curses_h=no
ac_cv_header_ncurses_term_h=no
ac_cv_header_stdc=yes
ac_cv_header_stdint_h=yes
ac_cv_header_stdlib_h=yes
ac_cv_header_string_h=yes
ac_cv_header_strings_h=yes
ac_cv_header_sys_stat_h=yes
ac_cv_header_sys_time_h=yes
ac_cv_header_sys_times_h=yes
ac_cv_header_sys_types_h=yes
ac_cv_header_term_h=yes
ac_cv_header_time=yes
ac_cv_header_unistd_h=yes
ac_cv_mingw32=no
ac_cv_objext=o
ac_cv_path_EGREP='/bin/grep -E'
ac_cv_path_GREP=/bin/grep
ac_cv_path_install='/usr/bin/install -c'
ac_cv_prog_AWK=gawk
ac_cv_prog_CPP='gcc -E'
ac_cv_prog_ac_ct_CC=gcc
ac_cv_prog_ac_ct_RANLIB=ranlib
ac_cv_prog_cc_c89=
ac_cv_prog_cc_g=yes
ac_cv_prog_make_make_set=yes
ac_cv_search_pow=-lm
ac_cv_search_tparm=no
ac_cv_sizeof_long=8
ac_cv_type_long=yes
am_cv_CC_dependencies_compiler_type=gcc3
gnugo_cv_cpp_variadic_define=yes
gnugo_cv_sockets_supported=yes
gnugo_cv_transparent_unions=yes

## ----------------- ##
## Output variables. ##
## ----------------- ##

ACLOCAL='${SHELL} /home/ligi/git/gobandroid-ai-gnugo/jni/project/gnugo-3.8/missing --run aclocal-1.9'
AMDEPBACKSLASH='\'
AMDEP_FALSE='#'
AMDEP_TRUE=''
AMTAR='${SHELL} /home/ligi/git/gobandroid-ai-gnugo/jni/project/gnugo-3.8/missing --run tar'
AUTOCONF='${SHELL} /home/ligi/git/gobandroid-ai-gnugo/jni/project/gnugo-3.8/missing --run autoconf'
AUTOHEADER='${SHELL} /home/ligi/git/gobandroid-ai-gnugo/jni/project/gnugo-3.8/missing --run autoheader'
AUTOMAKE='${SHELL} /home/ligi/git/gobandroid-ai-gnugo/jni/project/gnugo-3.8/missing --run automake-1.9'
AWK='gawk'
CC='gcc'
CCDEPMODE='depmode=gcc3'
CFLAGS='-g -O2'
CPP='gcc -E'
CPPFLAGS=''
CYGPATH_W='echo'
DEFS='-DHAVE_CONFIG_H'
DEPDIR='.deps'
DFA_ENABLED_FALSE='#'
DFA_ENABLED_TRUE=''
ECHO_C=''
ECHO_N='-n'
ECHO_T=''
EGREP='/bin/grep -E'
EXEEXT=''
GCC_MAJOR_VERSION='4'
GCC_MINOR_VERSION='8'
GCC_ONLY_FALSE='#'
GCC_ONLY_TRUE=''
GNU_GO_WARNINGS='-Wall -W -Wpointer-arith -Wbad-function-cast -Wcast-qual -Wcast-align -Wwrite-strings -Wstrict-prototypes -Wmissing-prototypes -Wmissing-declarations -Wundef -Wdeclaration-after-statement'
GREP='/bin/grep'
INSTALL_DATA='${INSTALL} -m 644'
INSTALL_PROGRAM='${INSTALL}'
INSTALL_SCRIPT='${INSTALL}'
INSTALL_STRIP_PROGRAM='${SHELL} $(install_sh) -c -s'
LDFLAGS=''
LIBOBJS=''
LIBS='-lm '
LTLIBOBJS=''
MAINT='#'
MAINTAINER_MODE_FALSE=''
MAINTAINER_MODE_TRUE='#'
MAKEINFO='${SHELL} /home/ligi/git/gobandroid-ai-gnugo/jni/project/gnugo-3.8/missing --run makeinfo'
OBJEXT='o'
PACKAGE='gnugo'
PACKAGE_BUGREPORT=''
PACKAGE_NAME='gnugo'
PACKAGE_STRING='gnugo 3.8'
PACKAGE_TARNAME='gnugo'
PACKAGE_VERSION='3.8'
PATH_SEPARATOR=':'
RANLIB='ranlib'
SET_MAKE=''
SHELL='/bin/bash'
STRIP=''
VERSION='3.8'
ac_ct_CC='gcc'
am__fastdepCC_FALSE='#'
am__fastdepCC_TRUE=''
am__include='include'
am__leading_dot='.'
am__quote=''
am__tar='${AMTAR} chof - "$$tardir"'
am__untar='${AMTAR} xf -'
bindir='${exec_prefix}/bin'
build_alias=''
datadir='${datarootdir}'
datarootdir='${prefix}/share'
docdir='${datarootdir}/doc/${PACKAGE_TARNAME}'
dvidir='${docdir}'
exec_prefix='${prefix}'
glibconfig=''
host_alias=''
htmldir='${docdir}'
includedir='${prefix}/include'
infodir='${datarootdir}/info'
install_sh='/home/ligi/git/gobandroid-ai-gnugo/jni/project/gnugo-3.8/install-sh'
libdir='${exec_prefix}/lib'
libexecdir='${exec_prefix}/libexec'
localedir='${datarootdir}/locale'
localstatedir='${prefix}/var'
mandir='${datarootdir}/man'
mkdir_p='mkdir -p --'
oldincludedir='/usr/include'
pdfdir='${docdir}'
prefix='/usr/local'
program_transform_name='s,x,x,'
psdir='${docdir}'
sbindir='${exec_prefix}/sbin'
sharedstatedir='${prefix}/com'
sysconfdir='${prefix}/etc'
target_alias=''

## ----------- ##
## confdefs.h. ##
## ----------- ##

#define PACKAGE_NAME "gnugo"
#define PACKAGE_TARNAME "gnugo"
#define PACKAGE_VERSION "3.8"
#define PACKAGE_STRING "gnugo 3.8"
#define PACKAGE_BUGREPORT ""
#define PACKAGE "gnugo"
#define VERSION "3.8"
#define GNU_PACKAGE "GNU gnugo"
#define TIME_WITH_SYS_TIME 1
#define STDC_HEADERS 1
#define HAVE_SYS_TYPES_H 1
#define HAVE_SYS_STAT_H 1
#define HAVE_STDLIB_H 1
#define HAVE_STRING_H 1
#define HAVE_MEMORY_H 1
#define HAVE_STRINGS_H 1
#define HAVE_INTTYPES_H 1
#define HAVE_STDINT_H 1
#define HAVE_UNISTD_H 1
#define HAVE_UNISTD_H 1
#define HAVE_SYS_TIME_H 1
#define HAVE_SYS_TIMES_H 1
#define HAVE_CURSES_H 1
#define HAVE_TERM_H 1
#define SIZEOF_LONG 8
#define HAVE_VSNPRINTF 1
#define HAVE_GETTIMEOFDAY 1
#define HAVE_USLEEP 1
#define HAVE_TIMES 1
#define HAVE_VARIADIC_DEFINE 1
#define HAVE_TRANSPARENT_UNIONS 1
#define READLINE 0
#define GRID_OPT 1
#define DEFAULT_MEMORY -1
#define DEFAULT_LEVEL 10
#define OWL_NODE_LIMIT 1000
#define SEMEAI_NODE_LIMIT 500
#define CHINESE_RULES 0
#define RESIGNATION_ALLOWED 1
#define ORACLE 0
#define USE_BREAK_IN 1
#define EXPERIMENTAL_OWL_EXT 0
#define COSMIC_GNUGO 0
#define LARGE_SCALE 0
#define EXPERIMENTAL_CONNECTIONS 1
#define ALTERNATE_CONNECTIONS 1
#define OWL_THREATS 0
#define USE_VALGRIND 0
#define ENABLE_SOCKET_SUPPORT 1

configure: exit 0
